  [1m[35m (0.1ms)[0m  [1m[34mSELECT sqlite_version(*)[0m
  ↳ bin/rails:9
  [1m[35m (95.1ms)[0m  [1m[35mCREATE TABLE "schema_migrations" ("version" varchar NOT NULL PRIMARY KEY)[0m
  ↳ bin/rails:9
  [1m[35m (85.7ms)[0m  [1m[35mCREATE TABLE "ar_internal_metadata" ("key" varchar NOT NULL PRIMARY KEY, "value" varchar, "created_at" datetime NOT NULL, "updated_at" datetime NOT NULL)[0m
  ↳ bin/rails:9
  [1m[36mActiveRecord::InternalMetadata Load (0.3ms)[0m  [1m[34mSELECT  "ar_internal_metadata".* FROM "ar_internal_metadata" WHERE "ar_internal_metadata"."key" = ? LIMIT ?[0m  [["key", "environment"], ["LIMIT", 1]]
  ↳ bin/rails:9
  [1m[35m (0.1ms)[0m  [1m[36mbegin transaction[0m
  ↳ bin/rails:9
  [1m[36mActiveRecord::InternalMetadata Create (0.3ms)[0m  [1m[32mINSERT INTO "ar_internal_metadata" ("key", "value", "created_at", "updated_at") VALUES (?, ?, ?, ?)[0m  [["key", "environment"], ["value", "development"], ["created_at", "2018-12-21 09:12:45.213464"], ["updated_at", "2018-12-21 09:12:45.213464"]]
  ↳ bin/rails:9
  [1m[35m (83.3ms)[0m  [1m[36mcommit transaction[0m
  ↳ bin/rails:9
  [1m[35m (0.1ms)[0m  [1m[34mSELECT "schema_migrations"."version" FROM "schema_migrations" ORDER BY "schema_migrations"."version" ASC[0m
  ↳ bin/rails:9
Started GET "/" for 127.0.0.1 at 2018-12-25 03:52:49 +0530
Processing by StaticPagesController#home as HTML
  Rendering static_pages/home.html.erb within layouts/application
  Rendered static_pages/home.html.erb within layouts/application (0.8ms)
  Rendered layouts/_shim.html.erb (0.3ms)
  Rendered layouts/_header.html.erb (0.7ms)
  Rendered layouts/_footer.html.erb (0.4ms)
Completed 200 OK in 2124ms (Views: 2114.5ms | ActiveRecord: 0.0ms)


Started GET "/" for 127.0.0.1 at 2018-12-25 03:52:54 +0530
Processing by StaticPagesController#home as HTML
  Rendering static_pages/home.html.erb within layouts/application
  Rendered static_pages/home.html.erb within layouts/application (0.5ms)
  Rendered layouts/_shim.html.erb (0.4ms)
  Rendered layouts/_header.html.erb (1.0ms)
  Rendered layouts/_footer.html.erb (0.6ms)
Completed 200 OK in 46ms (Views: 44.8ms | ActiveRecord: 0.0ms)


Started GET "/" for 127.0.0.1 at 2018-12-25 03:53:38 +0530
Processing by StaticPagesController#home as HTML
  Rendering static_pages/home.html.erb within layouts/application
  Rendered static_pages/home.html.erb within layouts/application (0.8ms)
  Rendered layouts/_shim.html.erb (0.5ms)
  Rendered layouts/_header.html.erb (1.2ms)
  Rendered layouts/_footer.html.erb (0.8ms)
Completed 200 OK in 65ms (Views: 63.1ms | ActiveRecord: 0.0ms)


  [1m[35m (0.2ms)[0m  [1m[34mSELECT "schema_migrations"."version" FROM "schema_migrations" ORDER BY "schema_migrations"."version" ASC[0m
  ↳ bin/rails:9
  [1m[35m (0.1ms)[0m  [1m[34mSELECT "schema_migrations"."version" FROM "schema_migrations" ORDER BY "schema_migrations"."version" ASC[0m
  ↳ bin/rails:9
  [1m[35m (0.1ms)[0m  [1m[34mSELECT "schema_migrations"."version" FROM "schema_migrations" ORDER BY "schema_migrations"."version" ASC[0m
  ↳ bin/rails:9
  [1m[35m (0.1ms)[0m  [1m[34mSELECT "schema_migrations"."version" FROM "schema_migrations" ORDER BY "schema_migrations"."version" ASC[0m
  ↳ bin/rails:9
  [1m[35m (0.2ms)[0m  [1m[34mSELECT "schema_migrations"."version" FROM "schema_migrations" ORDER BY "schema_migrations"."version" ASC[0m
  ↳ bin/rails:9
Migrating to CreateUsers (20181224224122)
  [1m[35m (0.1ms)[0m  [1m[36mbegin transaction[0m
  ↳ bin/rails:9
  [1m[35m (0.1ms)[0m  [1m[34mSELECT sqlite_version(*)[0m
  ↳ db/migrate/20181224224122_create_users.rb:3
  [1m[35m (0.5ms)[0m  [1m[35mCREATE TABLE "users" ("id" integer PRIMARY KEY AUTOINCREMENT NOT NULL, "name" varchar, "email" varchar, "created_at" datetime NOT NULL, "updated_at" datetime NOT NULL)[0m
  ↳ db/migrate/20181224224122_create_users.rb:3
  [1m[36mActiveRecord::SchemaMigration Create (0.2ms)[0m  [1m[32mINSERT INTO "schema_migrations" ("version") VALUES (?)[0m  [["version", "20181224224122"]]
  ↳ bin/rails:9
  [1m[35m (88.6ms)[0m  [1m[36mcommit transaction[0m
  ↳ bin/rails:9
  [1m[36mActiveRecord::InternalMetadata Load (0.3ms)[0m  [1m[34mSELECT  "ar_internal_metadata".* FROM "ar_internal_metadata" WHERE "ar_internal_metadata"."key" = ? LIMIT ?[0m  [["key", "environment"], ["LIMIT", 1]]
  ↳ bin/rails:9
  [1m[35m (0.1ms)[0m  [1m[36mbegin transaction[0m
  ↳ bin/rails:9
  [1m[35m (0.0ms)[0m  [1m[36mcommit transaction[0m
  ↳ bin/rails:9
  [1m[35m (0.2ms)[0m  [1m[34mSELECT "schema_migrations"."version" FROM "schema_migrations" ORDER BY "schema_migrations"."version" ASC[0m
  ↳ bin/rails:9
  [1m[35m (0.1ms)[0m  [1m[36mbegin transaction[0m
  ↳ bin/rails:9
  [1m[35m (0.2ms)[0m  [1m[35mSAVEPOINT active_record_1[0m
  [1m[36mUser Create (0.4ms)[0m  [1m[32mINSERT INTO "users" ("name", "email", "created_at", "updated_at") VALUES (?, ?, ?, ?)[0m  [["name", "Michael Hartl"], ["email", "mhartl@example.com"], ["created_at", "2018-12-24 22:48:07.517972"], ["updated_at", "2018-12-24 22:48:07.517972"]]
  [1m[35m (0.3ms)[0m  [1m[35mRELEASE SAVEPOINT active_record_1[0m
  [1m[36mUser Load (0.4ms)[0m  [1m[34mSELECT  "users".* FROM "users" LIMIT ?[0m  [["LIMIT", 11]]
  [1m[35m (0.3ms)[0m  [1m[31mrollback transaction[0m
  [1m[35m (0.1ms)[0m  [1m[34mSELECT "schema_migrations"."version" FROM "schema_migrations" ORDER BY "schema_migrations"."version" ASC[0m
  ↳ bin/rails:9
Migrating to AddIndexToUsersEmail (20181224231507)
  [1m[35m (0.2ms)[0m  [1m[36mbegin transaction[0m
  ↳ bin/rails:9
  [1m[35m (0.1ms)[0m  [1m[34mSELECT sqlite_version(*)[0m
  ↳ db/migrate/20181224231507_add_index_to_users_email.rb:3
  [1m[35m (0.4ms)[0m  [1m[35mCREATE UNIQUE INDEX "index_users_on_email" ON "users" ("email")[0m
  ↳ db/migrate/20181224231507_add_index_to_users_email.rb:3
  [1m[36mActiveRecord::SchemaMigration Create (0.3ms)[0m  [1m[32mINSERT INTO "schema_migrations" ("version") VALUES (?)[0m  [["version", "20181224231507"]]
  ↳ bin/rails:9
  [1m[35m (89.0ms)[0m  [1m[36mcommit transaction[0m
  ↳ bin/rails:9
  [1m[36mActiveRecord::InternalMetadata Load (0.2ms)[0m  [1m[34mSELECT  "ar_internal_metadata".* FROM "ar_internal_metadata" WHERE "ar_internal_metadata"."key" = ? LIMIT ?[0m  [["key", "environment"], ["LIMIT", 1]]
  ↳ bin/rails:9
  [1m[35m (0.1ms)[0m  [1m[36mbegin transaction[0m
  ↳ bin/rails:9
  [1m[35m (0.0ms)[0m  [1m[36mcommit transaction[0m
  ↳ bin/rails:9
  [1m[35m (0.1ms)[0m  [1m[34mSELECT "schema_migrations"."version" FROM "schema_migrations" ORDER BY "schema_migrations"."version" ASC[0m
  ↳ bin/rails:9
  [1m[35m (0.2ms)[0m  [1m[34mSELECT "schema_migrations"."version" FROM "schema_migrations" ORDER BY "schema_migrations"."version" ASC[0m
  ↳ bin/rails:9
Migrating to AddPasswordDigestToUsers (20181224232441)
  [1m[35m (0.1ms)[0m  [1m[36mbegin transaction[0m
  ↳ bin/rails:9
  [1m[35m (0.5ms)[0m  [1m[35mALTER TABLE "users" ADD "password_digest" varchar[0m
  ↳ db/migrate/20181224232441_add_password_digest_to_users.rb:3
  [1m[36mActiveRecord::SchemaMigration Create (0.2ms)[0m  [1m[32mINSERT INTO "schema_migrations" ("version") VALUES (?)[0m  [["version", "20181224232441"]]
  ↳ bin/rails:9
  [1m[35m (87.6ms)[0m  [1m[36mcommit transaction[0m
  ↳ bin/rails:9
  [1m[36mActiveRecord::InternalMetadata Load (0.2ms)[0m  [1m[34mSELECT  "ar_internal_metadata".* FROM "ar_internal_metadata" WHERE "ar_internal_metadata"."key" = ? LIMIT ?[0m  [["key", "environment"], ["LIMIT", 1]]
  ↳ bin/rails:9
  [1m[35m (0.1ms)[0m  [1m[36mbegin transaction[0m
  ↳ bin/rails:9
  [1m[35m (0.0ms)[0m  [1m[36mcommit transaction[0m
  ↳ bin/rails:9
  [1m[35m (0.2ms)[0m  [1m[34mSELECT "schema_migrations"."version" FROM "schema_migrations" ORDER BY "schema_migrations"."version" ASC[0m
  ↳ bin/rails:9
  [1m[35m (0.2ms)[0m  [1m[34mSELECT "schema_migrations"."version" FROM "schema_migrations" ORDER BY "schema_migrations"."version" ASC[0m
  ↳ bin/rails:9
Migrating to AddRememberDigestToUsers (20181227001156)
  [1m[35m (0.1ms)[0m  [1m[36mbegin transaction[0m
  ↳ bin/rails:9
  [1m[35m (0.5ms)[0m  [1m[35mALTER TABLE "users" ADD "remember_digest" varchar[0m
  ↳ db/migrate/20181227001156_add_remember_digest_to_users.rb:3
  [1m[36mActiveRecord::SchemaMigration Create (0.2ms)[0m  [1m[32mINSERT INTO "schema_migrations" ("version") VALUES (?)[0m  [["version", "20181227001156"]]
  ↳ bin/rails:9
  [1m[35m (113.0ms)[0m  [1m[36mcommit transaction[0m
  ↳ bin/rails:9
  [1m[36mActiveRecord::InternalMetadata Load (0.3ms)[0m  [1m[34mSELECT  "ar_internal_metadata".* FROM "ar_internal_metadata" WHERE "ar_internal_metadata"."key" = ? LIMIT ?[0m  [["key", "environment"], ["LIMIT", 1]]
  ↳ bin/rails:9
  [1m[35m (0.1ms)[0m  [1m[36mbegin transaction[0m
  ↳ bin/rails:9
  [1m[35m (0.0ms)[0m  [1m[36mcommit transaction[0m
  ↳ bin/rails:9
  [1m[35m (0.1ms)[0m  [1m[34mSELECT "schema_migrations"."version" FROM "schema_migrations" ORDER BY "schema_migrations"."version" ASC[0m
  ↳ bin/rails:9
Started GET "/" for 127.0.0.1 at 2018-12-28 02:46:15 +0530
  [1m[35m (0.1ms)[0m  [1m[34mSELECT "schema_migrations"."version" FROM "schema_migrations" ORDER BY "schema_migrations"."version" ASC[0m
  ↳ /home/user/.rvm/gems/ruby-2.5.3/gems/activerecord-5.2.2/lib/active_record/log_subscriber.rb:98
Processing by StaticPagesController#home as HTML
  Rendering static_pages/home.html.erb within layouts/application
  Rendered static_pages/home.html.erb within layouts/application (0.8ms)
  Rendered layouts/_shim.html.erb (0.3ms)
  Rendered layouts/_header.html.erb (4.4ms)
  Rendered layouts/_footer.html.erb (0.4ms)
Completed 200 OK in 2869ms (Views: 2860.4ms | ActiveRecord: 0.0ms)


Started GET "/signup" for 127.0.0.1 at 2018-12-28 02:46:27 +0530
Processing by UsersController#new as HTML
  Rendering users/new.html.erb within layouts/application
  Rendered shared/_error_messages.html.erb (0.8ms)
  Rendered users/new.html.erb within layouts/application (43.4ms)
  Rendered layouts/_shim.html.erb (0.3ms)
  Rendered layouts/_header.html.erb (0.8ms)
  Rendered layouts/_footer.html.erb (0.4ms)
Completed 200 OK in 118ms (Views: 94.2ms | ActiveRecord: 2.1ms)


Started POST "/signup" for 127.0.0.1 at 2018-12-28 02:46:51 +0530
Processing by UsersController#create as HTML
  Parameters: {"utf8"=>"✓", "authenticity_token"=>"/tDIClm6ZnsYcj7dg5JEm7dSZCRBykLBkqpnxCS0w68GA3CM/k/KeIAuUe/thsJg0w/7qj+J6oEPy4wF3sw59g==", "user"=>{"name"=>"harshitha", "email"=>"harshitha@gmail.com", "password"=>"[FILTERED]", "password_confirmation"=>"[FILTERED]"}, "commit"=>"Create my account"}
  [1m[35m (0.1ms)[0m  [1m[36mbegin transaction[0m
  ↳ app/controllers/users_controller.rb:13
  [1m[36mUser Exists (0.2ms)[0m  [1m[34mSELECT  1 AS one FROM "users" WHERE LOWER("users"."email") = LOWER(?) LIMIT ?[0m  [["email", "harshitha@gmail.com"], ["LIMIT", 1]]
  ↳ app/controllers/users_controller.rb:13
  [1m[36mUser Create (1.6ms)[0m  [1m[32mINSERT INTO "users" ("name", "email", "created_at", "updated_at", "password_digest") VALUES (?, ?, ?, ?, ?)[0m  [["name", "harshitha"], ["email", "harshitha@gmail.com"], ["created_at", "2018-12-27 21:16:51.574519"], ["updated_at", "2018-12-27 21:16:51.574519"], ["password_digest", "$2a$10$YPhwe0Qip5xMTq1uzyc15eCgMgjmtZMFXfjLciDA9lBCdXvTG/TW."]]
  ↳ app/controllers/users_controller.rb:13
  [1m[35m (93.9ms)[0m  [1m[36mcommit transaction[0m
  ↳ app/controllers/users_controller.rb:13
Redirected to http://0.0.0.0:3000/users/1
Completed 302 Found in 189ms (ActiveRecord: 95.8ms)


Started GET "/users/1" for 127.0.0.1 at 2018-12-28 02:46:51 +0530
Processing by UsersController#show as HTML
  Parameters: {"id"=>"1"}
  [1m[36mUser Load (0.3ms)[0m  [1m[34mSELECT  "users".* FROM "users" WHERE "users"."id" = ? LIMIT ?[0m  [["id", 1], ["LIMIT", 1]]
  ↳ app/controllers/users_controller.rb:4
  Rendering users/show.html.erb within layouts/application
  Rendered users/show.html.erb within layouts/application (0.8ms)
  Rendered layouts/_shim.html.erb (0.3ms)
  [1m[36mUser Load (0.2ms)[0m  [1m[34mSELECT  "users".* FROM "users" WHERE "users"."id" = ? LIMIT ?[0m  [["id", 1], ["LIMIT", 1]]
  ↳ app/helpers/sessions_helper.rb:16
  Rendered layouts/_header.html.erb (2.5ms)
  Rendered layouts/_footer.html.erb (0.5ms)
Completed 200 OK in 61ms (Views: 56.8ms | ActiveRecord: 0.5ms)


Started DELETE "/logout" for 127.0.0.1 at 2018-12-28 02:47:03 +0530
Processing by SessionsController#destroy as HTML
  Parameters: {"authenticity_token"=>"sJfEz6lZojzvpGxMarQcCppOcYLEP/FrLzQd1boHkghQXWEBVZ7o9/G8u2SsFW00GiJT6O3IxDXYRhq+88y4aA=="}
  [1m[36mUser Load (0.2ms)[0m  [1m[34mSELECT  "users".* FROM "users" WHERE "users"."id" = ? LIMIT ?[0m  [["id", 1], ["LIMIT", 1]]
  ↳ app/helpers/sessions_helper.rb:16
  [1m[35m (0.1ms)[0m  [1m[36mbegin transaction[0m
  ↳ app/models/user.rb:35
  [1m[35m (0.1ms)[0m  [1m[36mcommit transaction[0m
  ↳ app/models/user.rb:35
Redirected to http://0.0.0.0:3000/
Completed 302 Found in 5ms (ActiveRecord: 0.4ms)


Started GET "/" for 127.0.0.1 at 2018-12-28 02:47:03 +0530
Processing by StaticPagesController#home as HTML
  Rendering static_pages/home.html.erb within layouts/application
  Rendered static_pages/home.html.erb within layouts/application (0.9ms)
  Rendered layouts/_shim.html.erb (0.3ms)
  Rendered layouts/_header.html.erb (0.9ms)
  Rendered layouts/_footer.html.erb (0.4ms)
Completed 200 OK in 51ms (Views: 49.9ms | ActiveRecord: 0.0ms)


Started GET "/" for 127.0.0.1 at 2018-12-28 02:47:05 +0530
Processing by StaticPagesController#home as HTML
  Rendering static_pages/home.html.erb within layouts/application
  Rendered static_pages/home.html.erb within layouts/application (0.7ms)
  Rendered layouts/_shim.html.erb (0.4ms)
  Rendered layouts/_header.html.erb (1.4ms)
  Rendered layouts/_footer.html.erb (0.4ms)
Completed 200 OK in 47ms (Views: 44.5ms | ActiveRecord: 0.0ms)


Started GET "/" for 127.0.0.1 at 2018-12-28 02:47:08 +0530
Processing by StaticPagesController#home as HTML
  Rendering static_pages/home.html.erb within layouts/application
  Rendered static_pages/home.html.erb within layouts/application (0.9ms)
  Rendered layouts/_shim.html.erb (0.3ms)
  Rendered layouts/_header.html.erb (0.8ms)
  Rendered layouts/_footer.html.erb (0.4ms)
Completed 200 OK in 51ms (Views: 49.4ms | ActiveRecord: 0.0ms)


Started GET "/help" for 127.0.0.1 at 2018-12-28 02:47:09 +0530
Processing by StaticPagesController#help as HTML
  Rendering static_pages/help.html.erb within layouts/application
  Rendered static_pages/help.html.erb within layouts/application (0.5ms)
  Rendered layouts/_shim.html.erb (0.3ms)
  Rendered layouts/_header.html.erb (0.8ms)
  Rendered layouts/_footer.html.erb (0.4ms)
Completed 200 OK in 46ms (Views: 44.7ms | ActiveRecord: 0.0ms)


Started GET "/contact" for 127.0.0.1 at 2018-12-28 02:47:14 +0530
Processing by StaticPagesController#contact as HTML
  Rendering static_pages/contact.html.erb within layouts/application
  Rendered static_pages/contact.html.erb within layouts/application (0.7ms)
  Rendered layouts/_shim.html.erb (0.3ms)
  Rendered layouts/_header.html.erb (0.8ms)
  Rendered layouts/_footer.html.erb (0.4ms)
Completed 200 OK in 56ms (Views: 54.4ms | ActiveRecord: 0.0ms)


Started GET "/about" for 127.0.0.1 at 2018-12-28 02:47:17 +0530
Processing by StaticPagesController#about as HTML
  Rendering static_pages/about.html.erb within layouts/application
  Rendered static_pages/about.html.erb within layouts/application (0.8ms)
  Rendered layouts/_shim.html.erb (0.3ms)
  Rendered layouts/_header.html.erb (0.9ms)
  Rendered layouts/_footer.html.erb (0.4ms)
Completed 200 OK in 45ms (Views: 43.9ms | ActiveRecord: 0.0ms)


Started GET "/login" for 127.0.0.1 at 2018-12-28 02:47:20 +0530
Processing by SessionsController#new as HTML
  Rendering sessions/new.html.erb within layouts/application
  Rendered sessions/new.html.erb within layouts/application (2.0ms)
  Rendered layouts/_shim.html.erb (0.4ms)
  Rendered layouts/_header.html.erb (1.5ms)
  Rendered layouts/_footer.html.erb (0.5ms)
Completed 200 OK in 50ms (Views: 48.7ms | ActiveRecord: 0.0ms)


Started POST "/login" for 127.0.0.1 at 2018-12-28 02:47:37 +0530
Processing by SessionsController#create as HTML
  Parameters: {"utf8"=>"✓", "authenticity_token"=>"k47ELZixLySiSOyx3K7dH9B0Ztrvl/N3iWRz3l8PdOq5xLOt96BJ/hwDYa3e0jBr3FnXeKgynJheSc/PdCVhdQ==", "session"=>{"email"=>"harshitha@gmail.com", "password"=>"[FILTERED]"}, "commit"=>"Log in"}
  [1m[36mUser Load (0.4ms)[0m  [1m[34mSELECT  "users".* FROM "users" WHERE "users"."email" = ? LIMIT ?[0m  [["email", "harshitha@gmail.com"], ["LIMIT", 1]]
  ↳ app/controllers/sessions_controller.rb:7
  [1m[35m (0.1ms)[0m  [1m[36mbegin transaction[0m
  ↳ app/models/user.rb:27
  [1m[36mUser Update (1.0ms)[0m  [1m[33mUPDATE "users" SET "remember_digest" = ?, "updated_at" = ? WHERE "users"."id" = ?[0m  [["remember_digest", "$2a$10$QaJKtSNvsWIAY.TTf0IouePtHjt9T2nkYJNe/JfWcE3So.6vOBco2"], ["updated_at", "2018-12-27 21:17:37.842606"], ["id", 1]]
  ↳ app/models/user.rb:27
  [1m[35m (55.2ms)[0m  [1m[36mcommit transaction[0m
  ↳ app/models/user.rb:27
Redirected to http://0.0.0.0:3000/users/1
Completed 302 Found in 236ms (ActiveRecord: 56.6ms)


Started GET "/users/1" for 127.0.0.1 at 2018-12-28 02:47:37 +0530
Processing by UsersController#show as HTML
  Parameters: {"id"=>"1"}
  [1m[36mUser Load (0.1ms)[0m  [1m[34mSELECT  "users".* FROM "users" WHERE "users"."id" = ? LIMIT ?[0m  [["id", 1], ["LIMIT", 1]]
  ↳ app/controllers/users_controller.rb:4
  Rendering users/show.html.erb within layouts/application
  Rendered users/show.html.erb within layouts/application (0.5ms)
  Rendered layouts/_shim.html.erb (0.5ms)
  [1m[36mUser Load (0.1ms)[0m  [1m[34mSELECT  "users".* FROM "users" WHERE "users"."id" = ? LIMIT ?[0m  [["id", 1], ["LIMIT", 1]]
  ↳ app/helpers/sessions_helper.rb:16
  Rendered layouts/_header.html.erb (1.8ms)
  Rendered layouts/_footer.html.erb (0.5ms)
Completed 200 OK in 46ms (Views: 44.1ms | ActiveRecord: 0.3ms)


Started DELETE "/logout" for 127.0.0.1 at 2018-12-28 02:47:49 +0530
Processing by SessionsController#destroy as HTML
  Parameters: {"authenticity_token"=>"tExighrZvUy9A4JV5TBZpqBGalmcewr/YGOsS3549AJUhsdM5h73h6MbVX0jkSiYICpIM7WMP6GXEasgN7PeYg=="}
  [1m[36mUser Load (0.2ms)[0m  [1m[34mSELECT  "users".* FROM "users" WHERE "users"."id" = ? LIMIT ?[0m  [["id", 1], ["LIMIT", 1]]
  ↳ app/helpers/sessions_helper.rb:16
  [1m[35m (0.1ms)[0m  [1m[36mbegin transaction[0m
  ↳ app/models/user.rb:35
  [1m[36mUser Update (1.7ms)[0m  [1m[33mUPDATE "users" SET "remember_digest" = ?, "updated_at" = ? WHERE "users"."id" = ?[0m  [["remember_digest", nil], ["updated_at", "2018-12-27 21:17:49.423933"], ["id", 1]]
  ↳ app/models/user.rb:35
  [1m[35m (99.3ms)[0m  [1m[36mcommit transaction[0m
  ↳ app/models/user.rb:35
Redirected to http://0.0.0.0:3000/
Completed 302 Found in 108ms (ActiveRecord: 101.3ms)


Started GET "/" for 127.0.0.1 at 2018-12-28 02:47:49 +0530
Processing by StaticPagesController#home as HTML
  Rendering static_pages/home.html.erb within layouts/application
  Rendered static_pages/home.html.erb within layouts/application (0.8ms)
  Rendered layouts/_shim.html.erb (0.3ms)
  Rendered layouts/_header.html.erb (0.8ms)
  Rendered layouts/_footer.html.erb (0.4ms)
Completed 200 OK in 52ms (Views: 50.8ms | ActiveRecord: 0.0ms)


Started GET "/" for 127.0.0.1 at 2018-12-28 02:47:53 +0530
Processing by StaticPagesController#home as HTML
  Rendering static_pages/home.html.erb within layouts/application
  Rendered static_pages/home.html.erb within layouts/application (0.9ms)
  Rendered layouts/_shim.html.erb (0.3ms)
  Rendered layouts/_header.html.erb (0.8ms)
  Rendered layouts/_footer.html.erb (0.4ms)
Completed 200 OK in 48ms (Views: 46.7ms | ActiveRecord: 0.0ms)


Started GET "/help" for 127.0.0.1 at 2018-12-28 02:47:55 +0530
Processing by StaticPagesController#help as HTML
  Rendering static_pages/help.html.erb within layouts/application
  Rendered static_pages/help.html.erb within layouts/application (0.5ms)
  Rendered layouts/_shim.html.erb (0.3ms)
  Rendered layouts/_header.html.erb (0.9ms)
  Rendered layouts/_footer.html.erb (0.4ms)
Completed 200 OK in 47ms (Views: 45.6ms | ActiveRecord: 0.0ms)


Started GET "/contact" for 127.0.0.1 at 2018-12-28 02:47:58 +0530
Processing by StaticPagesController#contact as HTML
  Rendering static_pages/contact.html.erb within layouts/application
  Rendered static_pages/contact.html.erb within layouts/application (0.7ms)
  Rendered layouts/_shim.html.erb (0.3ms)
  Rendered layouts/_header.html.erb (0.9ms)
  Rendered layouts/_footer.html.erb (0.4ms)
Completed 200 OK in 50ms (Views: 48.9ms | ActiveRecord: 0.0ms)


Started GET "/" for 127.0.0.1 at 2018-12-28 02:52:55 +0530
  [1m[35m (0.2ms)[0m  [1m[34mSELECT "schema_migrations"."version" FROM "schema_migrations" ORDER BY "schema_migrations"."version" ASC[0m
  ↳ /home/user/.rvm/gems/ruby-2.5.3/gems/activerecord-5.2.2/lib/active_record/log_subscriber.rb:98
Processing by StaticPagesController#home as HTML
  Rendering static_pages/home.html.erb within layouts/application
  Rendered static_pages/home.html.erb within layouts/application (0.8ms)
  Rendered layouts/_shim.html.erb (0.4ms)
  Rendered layouts/_header.html.erb (4.8ms)
  Rendered layouts/_footer.html.erb (0.9ms)
Completed 200 OK in 299ms (Views: 290.4ms | ActiveRecord: 0.0ms)


Started GET "/login" for 127.0.0.1 at 2018-12-28 02:53:09 +0530
Processing by SessionsController#new as HTML
  Rendering sessions/new.html.erb within layouts/application
  Rendered sessions/new.html.erb within layouts/application (9.8ms)
  Rendered layouts/_shim.html.erb (0.3ms)
  Rendered layouts/_header.html.erb (0.8ms)
  Rendered layouts/_footer.html.erb (0.4ms)
Completed 200 OK in 59ms (Views: 56.6ms | ActiveRecord: 0.0ms)


Started POST "/login" for 127.0.0.1 at 2018-12-28 02:53:27 +0530
Processing by SessionsController#create as HTML
  Parameters: {"utf8"=>"✓", "authenticity_token"=>"rqVn4C8EugYDacZJ89Pxld+aOfC9mNwlBDMliZBZ0FZZj47wFXyd/NA/nxnYD2VzKSaujLbNTnSF7gJCpzrRsw==", "session"=>{"email"=>"harshitha@gmail.com", "password"=>"[FILTERED]"}, "commit"=>"Log in"}
  [1m[36mUser Load (0.3ms)[0m  [1m[34mSELECT  "users".* FROM "users" WHERE "users"."email" = ? LIMIT ?[0m  [["email", "harshitha@gmail.com"], ["LIMIT", 1]]
  ↳ app/controllers/sessions_controller.rb:7
  [1m[35m (0.1ms)[0m  [1m[36mbegin transaction[0m
  ↳ app/models/user.rb:27
  [1m[36mUser Update (0.4ms)[0m  [1m[33mUPDATE "users" SET "remember_digest" = ?, "updated_at" = ? WHERE "users"."id" = ?[0m  [["remember_digest", "$2a$10$RJU83ffZLtIVGbptw/Zwe.wpdGPhnF7c2Kt5ecZh7V6Eo2wgtrvNW"], ["updated_at", "2018-12-27 21:23:27.496579"], ["id", 1]]
  ↳ app/models/user.rb:27
  [1m[35m (84.3ms)[0m  [1m[36mcommit transaction[0m
  ↳ app/models/user.rb:27
Redirected to http://0.0.0.0:3000/users/1
Completed 302 Found in 284ms (ActiveRecord: 86.1ms)


Started GET "/users/1" for 127.0.0.1 at 2018-12-28 02:53:27 +0530
Processing by UsersController#show as HTML
  Parameters: {"id"=>"1"}
  [1m[36mUser Load (0.3ms)[0m  [1m[34mSELECT  "users".* FROM "users" WHERE "users"."id" = ? LIMIT ?[0m  [["id", 1], ["LIMIT", 1]]
  ↳ app/controllers/users_controller.rb:4
  Rendering users/show.html.erb within layouts/application
  Rendered users/show.html.erb within layouts/application (0.7ms)
  Rendered layouts/_shim.html.erb (0.3ms)
  [1m[36mUser Load (0.1ms)[0m  [1m[34mSELECT  "users".* FROM "users" WHERE "users"."id" = ? LIMIT ?[0m  [["id", 1], ["LIMIT", 1]]
  ↳ app/helpers/sessions_helper.rb:16
  Rendered layouts/_header.html.erb (2.0ms)
  Rendered layouts/_footer.html.erb (0.4ms)
Completed 200 OK in 48ms (Views: 45.4ms | ActiveRecord: 0.4ms)


Started GET "/users/1" for 127.0.0.1 at 2018-12-28 02:53:38 +0530
Processing by UsersController#show as HTML
  Parameters: {"id"=>"1"}
  [1m[36mUser Load (0.2ms)[0m  [1m[34mSELECT  "users".* FROM "users" WHERE "users"."id" = ? LIMIT ?[0m  [["id", 1], ["LIMIT", 1]]
  ↳ app/controllers/users_controller.rb:4
  Rendering users/show.html.erb within layouts/application
  Rendered users/show.html.erb within layouts/application (0.6ms)
  Rendered layouts/_shim.html.erb (0.3ms)
  [1m[36mUser Load (0.1ms)[0m  [1m[34mSELECT  "users".* FROM "users" WHERE "users"."id" = ? LIMIT ?[0m  [["id", 1], ["LIMIT", 1]]
  ↳ app/helpers/sessions_helper.rb:16
  Rendered layouts/_header.html.erb (1.7ms)
  Rendered layouts/_footer.html.erb (0.7ms)
Completed 200 OK in 62ms (Views: 59.6ms | ActiveRecord: 0.3ms)


Started DELETE "/logout" for 127.0.0.1 at 2018-12-28 02:53:39 +0530
Processing by SessionsController#destroy as HTML
  Parameters: {"authenticity_token"=>"35zLZ5prA15Q79IJBcHDQXK+jTJIgr/kdqHeBdp5WOFs7eU6jIqWBXZsveEX0SxM2AfjpDc4BNV/anUjXpwmMw=="}
  [1m[36mUser Load (0.1ms)[0m  [1m[34mSELECT  "users".* FROM "users" WHERE "users"."id" = ? LIMIT ?[0m  [["id", 1], ["LIMIT", 1]]
  ↳ app/helpers/sessions_helper.rb:16
  [1m[35m (0.1ms)[0m  [1m[36mbegin transaction[0m
  ↳ app/models/user.rb:35
  [1m[36mUser Update (0.3ms)[0m  [1m[33mUPDATE "users" SET "remember_digest" = ?, "updated_at" = ? WHERE "users"."id" = ?[0m  [["remember_digest", nil], ["updated_at", "2018-12-27 21:23:39.996390"], ["id", 1]]
  ↳ app/models/user.rb:35
  [1m[35m (98.9ms)[0m  [1m[36mcommit transaction[0m
  ↳ app/models/user.rb:35
Redirected to http://0.0.0.0:3000/
Completed 302 Found in 106ms (ActiveRecord: 99.3ms)


Started GET "/" for 127.0.0.1 at 2018-12-28 02:53:40 +0530
Processing by StaticPagesController#home as HTML
  Rendering static_pages/home.html.erb within layouts/application
  Rendered static_pages/home.html.erb within layouts/application (0.6ms)
  Rendered layouts/_shim.html.erb (0.3ms)
  Rendered layouts/_header.html.erb (1.0ms)
  Rendered layouts/_footer.html.erb (0.4ms)
Completed 200 OK in 45ms (Views: 44.3ms | ActiveRecord: 0.0ms)


Started GET "/" for 127.0.0.1 at 2018-12-28 02:55:00 +0530
  [1m[35m (0.1ms)[0m  [1m[34mSELECT "schema_migrations"."version" FROM "schema_migrations" ORDER BY "schema_migrations"."version" ASC[0m
  ↳ /home/user/.rvm/gems/ruby-2.5.3/gems/activerecord-5.2.2/lib/active_record/log_subscriber.rb:98
Processing by StaticPagesController#home as HTML
  Rendering static_pages/home.html.erb within layouts/application
  Rendered static_pages/home.html.erb within layouts/application (0.9ms)
  Rendered layouts/_shim.html.erb (0.3ms)
  Rendered layouts/_header.html.erb (4.3ms)
  Rendered layouts/_footer.html.erb (0.4ms)
Completed 200 OK in 314ms (Views: 304.8ms | ActiveRecord: 0.0ms)


Started GET "/login" for 127.0.0.1 at 2018-12-28 02:55:04 +0530
Processing by SessionsController#new as HTML
  Rendering sessions/new.html.erb within layouts/application
  Rendered sessions/new.html.erb within layouts/application (8.3ms)
  Rendered layouts/_shim.html.erb (0.3ms)
  Rendered layouts/_header.html.erb (0.8ms)
  Rendered layouts/_footer.html.erb (0.4ms)
Completed 200 OK in 53ms (Views: 51.5ms | ActiveRecord: 0.0ms)


Started POST "/login" for 127.0.0.1 at 2018-12-28 02:55:15 +0530
Processing by SessionsController#create as HTML
  Parameters: {"utf8"=>"✓", "authenticity_token"=>"899UFun9QQ06EXdr2nmZkZiQ10MtG9Z4qZ/xr8r9PV4E9b0G04Vm9+lHLjvxpQ13bixAPyZORCkoQtZk/Z48uw==", "session"=>{"email"=>"harshitha@gmail.com", "password"=>"[FILTERED]"}, "commit"=>"Log in"}
  [1m[36mUser Load (0.3ms)[0m  [1m[34mSELECT  "users".* FROM "users" WHERE "users"."email" = ? LIMIT ?[0m  [["email", "harshitha@gmail.com"], ["LIMIT", 1]]
  ↳ app/controllers/sessions_controller.rb:7
  [1m[35m (0.1ms)[0m  [1m[36mbegin transaction[0m
  ↳ app/models/user.rb:27
  [1m[36mUser Update (0.3ms)[0m  [1m[33mUPDATE "users" SET "remember_digest" = ?, "updated_at" = ? WHERE "users"."id" = ?[0m  [["remember_digest", "$2a$10$taVSWQG0nsu/w.schxztEeAYd0yjvIcdjXfaSlaUpL5QRomUOENQ."], ["updated_at", "2018-12-27 21:25:15.714452"], ["id", 1]]
  ↳ app/models/user.rb:27
  [1m[35m (76.8ms)[0m  [1m[36mcommit transaction[0m
  ↳ app/models/user.rb:27
Redirected to http://0.0.0.0:3000/users/1
Completed 302 Found in 276ms (ActiveRecord: 79.1ms)


Started GET "/users/1" for 127.0.0.1 at 2018-12-28 02:55:15 +0530
Processing by UsersController#show as HTML
  Parameters: {"id"=>"1"}
  [1m[36mUser Load (0.4ms)[0m  [1m[34mSELECT  "users".* FROM "users" WHERE "users"."id" = ? LIMIT ?[0m  [["id", 1], ["LIMIT", 1]]
  ↳ app/controllers/users_controller.rb:4
  Rendering users/show.html.erb within layouts/application
  Rendered users/show.html.erb within layouts/application (0.5ms)
  Rendered layouts/_shim.html.erb (0.3ms)
  [1m[36mUser Load (0.1ms)[0m  [1m[34mSELECT  "users".* FROM "users" WHERE "users"."id" = ? LIMIT ?[0m  [["id", 1], ["LIMIT", 1]]
  ↳ app/helpers/sessions_helper.rb:16
  Rendered layouts/_header.html.erb (2.0ms)
  Rendered layouts/_footer.html.erb (0.5ms)
Completed 200 OK in 61ms (Views: 56.6ms | ActiveRecord: 0.5ms)


Started DELETE "/logout" for 127.0.0.1 at 2018-12-28 02:55:24 +0530
Processing by SessionsController#destroy as HTML
  Parameters: {"authenticity_token"=>"v3kF7XTu64Z7X8T2zZPwYI73s/jutnbobVs4L87RvF0MCCuwYg9+3V3cqx7fgx9tJE7dbpEMzdlkkJMJSjTCjw=="}
  [1m[36mUser Load (0.2ms)[0m  [1m[34mSELECT  "users".* FROM "users" WHERE "users"."id" = ? LIMIT ?[0m  [["id", 1], ["LIMIT", 1]]
  ↳ app/helpers/sessions_helper.rb:16
  [1m[35m (0.1ms)[0m  [1m[36mbegin transaction[0m
  ↳ app/models/user.rb:35
  [1m[36mUser Update (1.2ms)[0m  [1m[33mUPDATE "users" SET "remember_digest" = ?, "updated_at" = ? WHERE "users"."id" = ?[0m  [["remember_digest", nil], ["updated_at", "2018-12-27 21:25:24.607122"], ["id", 1]]
  ↳ app/models/user.rb:35
  [1m[35m (92.1ms)[0m  [1m[36mcommit transaction[0m
  ↳ app/models/user.rb:35
Redirected to http://0.0.0.0:3000/
Completed 302 Found in 100ms (ActiveRecord: 93.6ms)


Started GET "/" for 127.0.0.1 at 2018-12-28 02:55:24 +0530
Processing by StaticPagesController#home as HTML
  Rendering static_pages/home.html.erb within layouts/application
  Rendered static_pages/home.html.erb within layouts/application (0.7ms)
  Rendered layouts/_shim.html.erb (0.3ms)
  Rendered layouts/_header.html.erb (0.8ms)
  Rendered layouts/_footer.html.erb (0.4ms)
Completed 200 OK in 42ms (Views: 40.6ms | ActiveRecord: 0.0ms)


